<?xml version="1.0" encoding="UTF-8"?>
<robot generator="Robot 5.0.1 (Python 3.9.1 on win32)" generated="20220713 14:05:33.346" rpa="false" schemaversion="3">
<suite id="s1" name="TC Prelogin" source="C:\STS_API_Automation\PreLogin\TC_Prelogin.robot">
<test id="s1-t1" name="TC001_Get_Request_forPreLogin using https://uat-myaccess.stevensonsystems.com" line="13">
<kw name="Mykeywork">
<arg>https://uat-myaccess.stevensonsystems.com</arg>
<arg>/api/Home/GetReleaseVersion</arg>
<arg>200</arg>
<arg>200</arg>
<kw name="Create Session" library="RequestsLibrary">
<arg>API_Testing</arg>
<arg>${API_Base_Endpoint}</arg>
<doc>Create Session: create a HTTP session to a server</doc>
<msg timestamp="20220713 14:05:35.861" level="INFO">Creating Session using : alias=API_Testing, url=https://uat-myaccess.stevensonsystems.com, headers={},                     cookies={}, auth=None, timeout=None, proxies=None, verify=False,                     debug=0 </msg>
<status status="PASS" starttime="20220713 14:05:35.861" endtime="20220713 14:05:35.862"/>
</kw>
<kw name="GET On Session" library="RequestsLibrary">
<var>${response}</var>
<arg>API_Testing</arg>
<arg>${End_Points}</arg>
<doc>Sends a GET request on a previously created HTTP Session.</doc>
<msg timestamp="20220713 14:05:37.045" level="INFO">GET Request : url=https://uat-myaccess.stevensonsystems.com/api/Home/GetReleaseVersion 
 path_url=/api/Home/GetReleaseVersion 
 headers={'User-Agent': 'python-requests/2.28.1', 'Accept-Encoding': 'gzip, deflate', 'Accept': '*/*', 'Connection': 'keep-alive'} 
 body=None 
 </msg>
<msg timestamp="20220713 14:05:37.045" level="INFO">GET Response : url=https://uat-myaccess.stevensonsystems.com/api/Home/GetReleaseVersion 
 status=200, reason=OK 
 headers={'Transfer-Encoding': 'chunked', 'Content-Type': 'application/json; charset=utf-8', 'Server': 'Kestrel', 'Strict-Transport-Security': 'max-age=2592000', 'X-Frame-Options': 'SAMEORIGIN', 'X-Powered-By': 'ASP.NET', 'Date': 'Wed, 13 Jul 2022 08:35:15 GMT'} 
 body={"statusCode":401,"message":"Unauthorize Access","result":[null,"\r\nRelease Branch MyAccess: main\r\nRelease Date MyAccess: 2022-06-24\r\n"]} 
 </msg>
<msg timestamp="20220713 14:05:37.045" level="INFO">C:\STS_API_Automation\venv\lib\site-packages\urllib3\connectionpool.py:1045: InsecureRequestWarning: Unverified HTTPS request is being made to host 'uat-myaccess.stevensonsystems.com'. Adding certificate verification is strongly advised. See: https://urllib3.readthedocs.io/en/1.26.x/advanced-usage.html#ssl-warnings
  warnings.warn(</msg>
<msg timestamp="20220713 14:05:37.046" level="INFO">${response} = &lt;Response [200]&gt;</msg>
<status status="PASS" starttime="20220713 14:05:35.862" endtime="20220713 14:05:37.046"/>
</kw>
<kw name="Log To Console" library="BuiltIn">
<arg>${response.status_code}</arg>
<doc>Logs the given message to the console.</doc>
<status status="PASS" starttime="20220713 14:05:37.047" endtime="20220713 14:05:37.048"/>
</kw>
<kw name="Convert To String" library="BuiltIn">
<var>${StrinfResCode}</var>
<arg>${response.status_code}</arg>
<doc>Converts the given item to a Unicode string.</doc>
<msg timestamp="20220713 14:05:37.051" level="INFO">${StrinfResCode} = 200</msg>
<status status="PASS" starttime="20220713 14:05:37.049" endtime="20220713 14:05:37.051"/>
</kw>
<kw name="Should Be Equal" library="BuiltIn">
<arg>${StrinfResCode}</arg>
<arg>${Status_code}</arg>
<doc>Fails if the given objects are unequal.</doc>
<status status="PASS" starttime="20220713 14:05:37.051" endtime="20220713 14:05:37.052"/>
</kw>
<kw name="Log" library="BuiltIn">
<arg>${response.content}</arg>
<doc>Logs the given message with the given level.</doc>
<msg timestamp="20220713 14:05:37.053" level="INFO">{"statusCode":401,"message":"Unauthorize Access","result":[null,"\r\nRelease Branch MyAccess: main\r\nRelease Date MyAccess: 2022-06-24\r\n"]}</msg>
<status status="PASS" starttime="20220713 14:05:37.052" endtime="20220713 14:05:37.054"/>
</kw>
<status status="PASS" starttime="20220713 14:05:35.860" endtime="20220713 14:05:37.054"/>
</kw>
<status status="PASS" starttime="20220713 14:05:35.858" endtime="20220713 14:05:37.060"/>
</test>
<test id="s1-t2" name="TC001_Get_Request_forPreLogin using https://uat-myaccess.stevensonsystems.com" line="13">
<kw name="Mykeywork">
<arg>https://uat-myaccess.stevensonsystems.com</arg>
<arg>/api/LaunchDarkly/ReportUpdatesFeature</arg>
<arg>200</arg>
<arg>200</arg>
<kw name="Create Session" library="RequestsLibrary">
<arg>API_Testing</arg>
<arg>${API_Base_Endpoint}</arg>
<doc>Create Session: create a HTTP session to a server</doc>
<msg timestamp="20220713 14:05:37.077" level="INFO">Creating Session using : alias=API_Testing, url=https://uat-myaccess.stevensonsystems.com, headers={},                     cookies={}, auth=None, timeout=None, proxies=None, verify=False,                     debug=0 </msg>
<status status="PASS" starttime="20220713 14:05:37.075" endtime="20220713 14:05:37.078"/>
</kw>
<kw name="GET On Session" library="RequestsLibrary">
<var>${response}</var>
<arg>API_Testing</arg>
<arg>${End_Points}</arg>
<doc>Sends a GET request on a previously created HTTP Session.</doc>
<msg timestamp="20220713 14:05:38.626" level="INFO">GET Request : url=https://uat-myaccess.stevensonsystems.com/api/LaunchDarkly/ReportUpdatesFeature 
 path_url=/api/LaunchDarkly/ReportUpdatesFeature 
 headers={'User-Agent': 'python-requests/2.28.1', 'Accept-Encoding': 'gzip, deflate', 'Accept': '*/*', 'Connection': 'keep-alive'} 
 body=None 
 </msg>
<msg timestamp="20220713 14:05:38.626" level="INFO">GET Response : url=https://uat-myaccess.stevensonsystems.com/api/LaunchDarkly/ReportUpdatesFeature 
 status=200, reason=OK 
 headers={'Transfer-Encoding': 'chunked', 'Content-Type': 'application/json; charset=utf-8', 'Server': 'Kestrel', 'Strict-Transport-Security': 'max-age=2592000', 'X-Frame-Options': 'SAMEORIGIN', 'X-Powered-By': 'ASP.NET', 'Date': 'Wed, 13 Jul 2022 08:35:17 GMT'} 
 body=true 
 </msg>
<msg timestamp="20220713 14:05:38.626" level="INFO">C:\STS_API_Automation\venv\lib\site-packages\urllib3\connectionpool.py:1045: InsecureRequestWarning: Unverified HTTPS request is being made to host 'uat-myaccess.stevensonsystems.com'. Adding certificate verification is strongly advised. See: https://urllib3.readthedocs.io/en/1.26.x/advanced-usage.html#ssl-warnings
  warnings.warn(</msg>
<msg timestamp="20220713 14:05:38.627" level="INFO">${response} = &lt;Response [200]&gt;</msg>
<status status="PASS" starttime="20220713 14:05:37.078" endtime="20220713 14:05:38.627"/>
</kw>
<kw name="Log To Console" library="BuiltIn">
<arg>${response.status_code}</arg>
<doc>Logs the given message to the console.</doc>
<status status="PASS" starttime="20220713 14:05:38.628" endtime="20220713 14:05:38.638"/>
</kw>
<kw name="Convert To String" library="BuiltIn">
<var>${StrinfResCode}</var>
<arg>${response.status_code}</arg>
<doc>Converts the given item to a Unicode string.</doc>
<msg timestamp="20220713 14:05:38.643" level="INFO">${StrinfResCode} = 200</msg>
<status status="PASS" starttime="20220713 14:05:38.640" endtime="20220713 14:05:38.643"/>
</kw>
<kw name="Should Be Equal" library="BuiltIn">
<arg>${StrinfResCode}</arg>
<arg>${Status_code}</arg>
<doc>Fails if the given objects are unequal.</doc>
<status status="PASS" starttime="20220713 14:05:38.645" endtime="20220713 14:05:38.648"/>
</kw>
<kw name="Log" library="BuiltIn">
<arg>${response.content}</arg>
<doc>Logs the given message with the given level.</doc>
<msg timestamp="20220713 14:05:38.651" level="INFO">true</msg>
<status status="PASS" starttime="20220713 14:05:38.648" endtime="20220713 14:05:38.652"/>
</kw>
<status status="PASS" starttime="20220713 14:05:37.072" endtime="20220713 14:05:38.652"/>
</kw>
<status status="PASS" starttime="20220713 14:05:37.068" endtime="20220713 14:05:38.654"/>
</test>
<status status="PASS" starttime="20220713 14:05:33.350" endtime="20220713 14:05:38.662"/>
</suite>
<statistics>
<total>
<stat pass="2" fail="0" skip="0">All Tests</stat>
</total>
<tag>
</tag>
<suite>
<stat pass="2" fail="0" skip="0" id="s1" name="TC Prelogin">TC Prelogin</stat>
</suite>
</statistics>
<errors>
<msg timestamp="20220713 14:05:37.064" level="WARN">Multiple tests with name 'TC001_Get_Request_forPreLogin using https://uat-myaccess.stevensonsystems.com' executed in suite 'TC Prelogin'.</msg>
</errors>
</robot>
